0 info it worked if it ends with ok
1 verbose cli [ 'node', '/usr/local/bin/npm', 'publish' ]
2 info using npm@2.10.1
3 info using node@v0.12.4
4 verbose publish [ '.' ]
5 silly cache add args [ '.', null ]
6 verbose cache add spec .
7 silly cache add parsed spec { raw: '.',
7 silly cache add   scope: null,
7 silly cache add   name: null,
7 silly cache add   rawSpec: '.',
7 silly cache add   spec: '/Users/xarimor/node_modules/censorifyXari',
7 silly cache add   type: 'directory' }
8 verbose addLocalDirectory /Users/xarimor/.npm/censorifyXari/0.1.1/package.tgz not in flight; packing
9 verbose tar pack [ '/Users/xarimor/.npm/censorifyXari/0.1.1/package.tgz',
9 verbose tar pack   '/Users/xarimor/node_modules/censorifyXari' ]
10 verbose tarball /Users/xarimor/.npm/censorifyXari/0.1.1/package.tgz
11 verbose folder /Users/xarimor/node_modules/censorifyXari
12 info prepublish censorifyXari@0.1.1
13 verbose addLocalTarball adding from inside cache /Users/xarimor/.npm/censorifyXari/0.1.1/package.tgz
14 silly cache afterAdd censorifyXari@0.1.1
15 verbose afterAdd /Users/xarimor/.npm/censorifyXari/0.1.1/package/package.json not in flight; writing
16 verbose afterAdd /Users/xarimor/.npm/censorifyXari/0.1.1/package/package.json written
17 silly publish { author: { name: 'Brad Dayley' },
17 silly publish   name: 'censorifyXari',
17 silly publish   version: '0.1.1',
17 silly publish   description: 'Censors words out of text',
17 silly publish   main: 'censortext',
17 silly publish   repository:
17 silly publish    { type: 'git',
17 silly publish      url: 'git+https://github.com/XarImoR/censorifyXari.git' },
17 silly publish   keywords: [ 'censor', 'words' ],
17 silly publish   dependencies: {},
17 silly publish   engines: { node: '*' },
17 silly publish   readme: 'achte immer auf deine Ausdrucksweise!',
17 silly publish   readmeFilename: 'README.md',
17 silly publish   gitHead: '2547766c8f540774f5082c89d9c95177712452a4',
17 silly publish   bugs: { url: 'https://github.com/XarImoR/censorifyXari/issues' },
17 silly publish   homepage: 'https://github.com/XarImoR/censorifyXari#readme',
17 silly publish   _id: 'censorifyXari@0.1.1',
17 silly publish   scripts: {},
17 silly publish   _shasum: '53faab452ee2538803e6f44cd2e7de2f468acfe7',
17 silly publish   _from: '.' }
18 verbose getPublishConfig undefined
19 silly mapToRegistry name censorifyXari
20 silly mapToRegistry using default registry
21 silly mapToRegistry registry https://registry.npmjs.org/
22 silly mapToRegistry uri https://registry.npmjs.org/censorifyXari
23 verbose publish registryBase https://registry.npmjs.org/
24 silly publish uploading /Users/xarimor/.npm/censorifyXari/0.1.1/package.tgz
25 verbose stack Error: Invalid name: "censorifyXari"
25 verbose stack     at ensureValidName (/usr/local/lib/node_modules/npm/node_modules/normalize-package-data/lib/fixer.js:323:15)
25 verbose stack     at Object.module.exports.fixNameField (/usr/local/lib/node_modules/npm/node_modules/normalize-package-data/lib/fixer.js:206:5)
25 verbose stack     at CachingRegistryClient.publish (/usr/local/lib/node_modules/npm/node_modules/npm-registry-client/lib/publish.js:41:11)
25 verbose stack     at /usr/local/lib/node_modules/npm/lib/publish.js:134:14
25 verbose stack     at mapToRegistry (/usr/local/lib/node_modules/npm/lib/utils/map-to-registry.js:55:3)
25 verbose stack     at publish_ (/usr/local/lib/node_modules/npm/lib/publish.js:104:3)
25 verbose stack     at Array.<anonymous> (/usr/local/lib/node_modules/npm/node_modules/slide/lib/bind-actor.js:15:8)
25 verbose stack     at LOOP (/usr/local/lib/node_modules/npm/node_modules/slide/lib/chain.js:15:14)
25 verbose stack     at LOOP (/usr/local/lib/node_modules/npm/node_modules/slide/lib/chain.js:14:28)
25 verbose stack     at chain (/usr/local/lib/node_modules/npm/node_modules/slide/lib/chain.js:20:5)
26 verbose cwd /Users/xarimor/node_modules/censorifyXari
27 error Darwin 14.3.0
28 error argv "node" "/usr/local/bin/npm" "publish"
29 error node v0.12.4
30 error npm  v2.10.1
31 error Invalid name: "censorifyXari"
32 error If you need help, you may report this error at:
32 error     <https://github.com/npm/npm/issues>
33 verbose exit [ 1, true ]
